mode: atomic
github.com/databricks/databricks-sql-go/logger.go:14.30,16.68 1 0
github.com/databricks/databricks-sql-go/logger.go:16.68,18.3 1 0
github.com/databricks/databricks-sql-go/logger.go:18.8,23.3 1 0
github.com/databricks/databricks-sql-go/rows.go:25.35,27.16 2 0
github.com/databricks/databricks-sql-go/rows.go:31.2,32.32 2 0
github.com/databricks/databricks-sql-go/rows.go:36.2,36.14 1 0
github.com/databricks/databricks-sql-go/rows.go:27.16,29.3 1 0
github.com/databricks/databricks-sql-go/rows.go:32.32,34.3 1 0
github.com/databricks/databricks-sql-go/rows.go:39.30,45.16 3 0
github.com/databricks/databricks-sql-go/rows.go:48.2,48.54 1 0
github.com/databricks/databricks-sql-go/rows.go:52.2,52.12 1 0
github.com/databricks/databricks-sql-go/rows.go:45.16,47.3 1 0
github.com/databricks/databricks-sql-go/rows.go:48.54,50.3 1 0
github.com/databricks/databricks-sql-go/rows.go:55.48,56.14 1 0
github.com/databricks/databricks-sql-go/rows.go:60.2,61.16 2 0
github.com/databricks/databricks-sql-go/rows.go:65.2,66.16 2 0
github.com/databricks/databricks-sql-go/rows.go:70.2,70.22 1 0
github.com/databricks/databricks-sql-go/rows.go:80.2,82.12 2 0
github.com/databricks/databricks-sql-go/rows.go:56.14,58.3 1 0
github.com/databricks/databricks-sql-go/rows.go:61.16,63.3 1 0
github.com/databricks/databricks-sql-go/rows.go:66.16,68.3 1 0
github.com/databricks/databricks-sql-go/rows.go:70.22,73.17 2 0
github.com/databricks/databricks-sql-go/rows.go:77.3,77.16 1 0
github.com/databricks/databricks-sql-go/rows.go:73.17,75.4 1 0
github.com/databricks/databricks-sql-go/rows.go:85.55,86.26 1 0
github.com/databricks/databricks-sql-go/rows.go:121.2,121.27 1 0
github.com/databricks/databricks-sql-go/rows.go:86.26,93.17 3 0
github.com/databricks/databricks-sql-go/rows.go:97.3,97.55 1 0
github.com/databricks/databricks-sql-go/rows.go:101.3,103.25 2 0
github.com/databricks/databricks-sql-go/rows.go:118.3,118.26 1 0
github.com/databricks/databricks-sql-go/rows.go:93.17,95.4 1 0
github.com/databricks/databricks-sql-go/rows.go:97.55,99.4 1 0
github.com/databricks/databricks-sql-go/rows.go:103.25,106.45 3 0
github.com/databricks/databricks-sql-go/rows.go:106.45,114.5 3 0
github.com/databricks/databricks-sql-go/rows.go:124.30,125.27 1 0
github.com/databricks/databricks-sql-go/rows.go:134.2,143.16 5 0
github.com/databricks/databricks-sql-go/rows.go:147.2,147.61 1 0
github.com/databricks/databricks-sql-go/rows.go:151.2,151.43 1 0
github.com/databricks/databricks-sql-go/rows.go:155.2,157.12 2 0
github.com/databricks/databricks-sql-go/rows.go:125.27,127.45 2 0
github.com/databricks/databricks-sql-go/rows.go:127.45,129.4 1 0
github.com/databricks/databricks-sql-go/rows.go:129.9,129.28 1 0
github.com/databricks/databricks-sql-go/rows.go:129.28,131.4 1 0
github.com/databricks/databricks-sql-go/rows.go:143.16,145.3 1 0
github.com/databricks/databricks-sql-go/rows.go:147.61,149.3 1 0
github.com/databricks/databricks-sql-go/rows.go:151.43,153.3 1 0
github.com/databricks/databricks-sql-go/rows.go:176.53,177.63 1 0
github.com/databricks/databricks-sql-go/rows.go:181.2,181.72 1 0
github.com/databricks/databricks-sql-go/rows.go:185.2,185.12 1 0
github.com/databricks/databricks-sql-go/rows.go:177.63,179.3 1 0
github.com/databricks/databricks-sql-go/rows.go:181.72,183.3 1 0
github.com/databricks/databricks-sql-go/rows.go:203.66,204.20 1 0
github.com/databricks/databricks-sql-go/rows.go:205.40,206.25 1 0
github.com/databricks/databricks-sql-go/rows.go:207.40,208.22 1 0
github.com/databricks/databricks-sql-go/rows.go:209.41,210.23 1 0
github.com/databricks/databricks-sql-go/rows.go:211.36,212.23 1 0
github.com/databricks/databricks-sql-go/rows.go:213.39,214.23 1 0
github.com/databricks/databricks-sql-go/rows.go:215.38,216.25 1 0
github.com/databricks/databricks-sql-go/rows.go:217.39,218.25 1 0
github.com/databricks/databricks-sql-go/rows.go:219.37,220.22 1 0
github.com/databricks/databricks-sql-go/rows.go:221.39,222.24 1 0
github.com/databricks/databricks-sql-go/rows.go:223.37,224.24 1 0
github.com/databricks/databricks-sql-go/rows.go:225.40,226.24 1 0
github.com/databricks/databricks-sql-go/rows.go:227.73,228.26 1 0
github.com/databricks/databricks-sql-go/rows.go:230.97,231.26 1 0
github.com/databricks/databricks-sql-go/rows.go:232.45,233.25 1 0
github.com/databricks/databricks-sql-go/rows.go:234.10,235.25 1 0
github.com/databricks/databricks-sql-go/rows.go:244.96,246.80 1 0
github.com/databricks/databricks-sql-go/rows.go:268.2,268.17 1 0
github.com/databricks/databricks-sql-go/rows.go:246.80,248.78 2 0
github.com/databricks/databricks-sql-go/rows.go:248.78,250.18 2 0
github.com/databricks/databricks-sql-go/rows.go:250.18,252.5 1 0
github.com/databricks/databricks-sql-go/rows.go:254.8,254.85 1 0
github.com/databricks/databricks-sql-go/rows.go:254.85,256.3 1 0
github.com/databricks/databricks-sql-go/rows.go:256.8,256.84 1 0
github.com/databricks/databricks-sql-go/rows.go:256.84,258.3 1 0
github.com/databricks/databricks-sql-go/rows.go:258.8,258.84 1 0
github.com/databricks/databricks-sql-go/rows.go:258.84,260.3 1 0
github.com/databricks/databricks-sql-go/rows.go:260.8,260.84 1 0
github.com/databricks/databricks-sql-go/rows.go:260.84,262.3 1 0
github.com/databricks/databricks-sql-go/rows.go:262.8,262.85 1 0
github.com/databricks/databricks-sql-go/rows.go:262.85,264.3 1 0
github.com/databricks/databricks-sql-go/rows.go:264.8,264.87 1 0
github.com/databricks/databricks-sql-go/rows.go:264.87,266.3 1 0
github.com/databricks/databricks-sql-go/rows.go:271.46,273.24 2 0
github.com/databricks/databricks-sql-go/rows.go:277.2,277.14 1 0
github.com/databricks/databricks-sql-go/rows.go:273.24,276.3 2 0
github.com/databricks/databricks-sql-go/rows.go:280.42,281.15 1 0
github.com/databricks/databricks-sql-go/rows.go:284.2,284.33 1 0
github.com/databricks/databricks-sql-go/rows.go:310.2,310.10 1 0
github.com/databricks/databricks-sql-go/rows.go:281.15,283.3 1 0
github.com/databricks/databricks-sql-go/rows.go:284.33,285.25 1 0
github.com/databricks/databricks-sql-go/rows.go:288.3,288.25 1 0
github.com/databricks/databricks-sql-go/rows.go:291.3,291.24 1 0
github.com/databricks/databricks-sql-go/rows.go:294.3,294.24 1 0
github.com/databricks/databricks-sql-go/rows.go:297.3,297.24 1 0
github.com/databricks/databricks-sql-go/rows.go:300.3,300.24 1 0
github.com/databricks/databricks-sql-go/rows.go:303.3,303.27 1 0
github.com/databricks/databricks-sql-go/rows.go:306.3,306.27 1 0
github.com/databricks/databricks-sql-go/rows.go:285.25,287.4 1 0
github.com/databricks/databricks-sql-go/rows.go:288.25,290.4 1 0
github.com/databricks/databricks-sql-go/rows.go:291.24,293.4 1 0
github.com/databricks/databricks-sql-go/rows.go:294.24,296.4 1 0
github.com/databricks/databricks-sql-go/rows.go:297.24,299.4 1 0
github.com/databricks/databricks-sql-go/rows.go:300.24,302.4 1 0
github.com/databricks/databricks-sql-go/rows.go:303.27,305.4 1 0
github.com/databricks/databricks-sql-go/rows.go:306.27,308.4 1 0
github.com/databricks/databricks-sql-go/testserver.go:13.86,21.29 4 0
github.com/databricks/databricks-sql-go/testserver.go:35.2,35.36 1 0
github.com/databricks/databricks-sql-go/testserver.go:39.2,47.12 4 0
github.com/databricks/databricks-sql-go/testserver.go:54.2,54.12 1 0
github.com/databricks/databricks-sql-go/testserver.go:22.17,23.64 1 0
github.com/databricks/databricks-sql-go/testserver.go:24.20,25.67 1 0
github.com/databricks/databricks-sql-go/testserver.go:26.14,27.53 1 0
github.com/databricks/databricks-sql-go/testserver.go:28.16,29.63 1 0
github.com/databricks/databricks-sql-go/testserver.go:30.16,31.63 1 0
github.com/databricks/databricks-sql-go/testserver.go:32.10,33.74 1 0
github.com/databricks/databricks-sql-go/testserver.go:35.36,37.3 1 0
github.com/databricks/databricks-sql-go/testserver.go:47.12,49.63 1 0
github.com/databricks/databricks-sql-go/testserver.go:49.63,51.51 1 0
github.com/databricks/databricks-sql-go/testserver.go:67.131,68.26 1 0
github.com/databricks/databricks-sql-go/testserver.go:71.2,81.8 1 0
github.com/databricks/databricks-sql-go/testserver.go:68.26,70.3 1 0
github.com/databricks/databricks-sql-go/testserver.go:84.146,85.31 1 0
github.com/databricks/databricks-sql-go/testserver.go:88.2,98.8 1 0
github.com/databricks/databricks-sql-go/testserver.go:85.31,87.3 1 0
github.com/databricks/databricks-sql-go/testserver.go:101.134,102.27 1 0
github.com/databricks/databricks-sql-go/testserver.go:105.2,109.8 1 0
github.com/databricks/databricks-sql-go/testserver.go:102.27,104.3 1 0
github.com/databricks/databricks-sql-go/testserver.go:112.152,113.33 1 0
github.com/databricks/databricks-sql-go/testserver.go:116.2,120.8 1 0
github.com/databricks/databricks-sql-go/testserver.go:113.33,115.3 1 0
github.com/databricks/databricks-sql-go/testserver.go:123.143,124.30 1 0
github.com/databricks/databricks-sql-go/testserver.go:127.2,131.8 1 0
github.com/databricks/databricks-sql-go/testserver.go:124.30,126.3 1 0
github.com/databricks/databricks-sql-go/connection.go:19.59,21.2 1 0
github.com/databricks/databricks-sql-go/connection.go:23.87,25.2 1 0
github.com/databricks/databricks-sql-go/connection.go:27.30,29.2 1 0
github.com/databricks/databricks-sql-go/connection.go:31.43,33.2 1 0
github.com/databricks/databricks-sql-go/connection.go:35.87,37.2 1 0
github.com/databricks/databricks-sql-go/connection.go:39.48,41.2 1 0
github.com/databricks/databricks-sql-go/connection.go:43.56,45.2 1 0
github.com/databricks/databricks-sql-go/connection.go:47.31,49.2 1 0
github.com/databricks/databricks-sql-go/connection.go:51.112,58.16 3 0
github.com/databricks/databricks-sql-go/connection.go:64.2,64.31 1 0
github.com/databricks/databricks-sql-go/connection.go:58.16,60.3 1 0
github.com/databricks/databricks-sql-go/connection.go:60.8,62.3 1 0
github.com/databricks/databricks-sql-go/connection.go:67.111,74.33 2 0
github.com/databricks/databricks-sql-go/connection.go:93.2,95.16 2 0
github.com/databricks/databricks-sql-go/connection.go:98.2,102.37 3 0
github.com/databricks/databricks-sql-go/connection.go:140.2,146.19 2 0
github.com/databricks/databricks-sql-go/connection.go:74.33,90.4 3 0
github.com/databricks/databricks-sql-go/connection.go:95.16,97.3 1 0
github.com/databricks/databricks-sql-go/connection.go:102.37,105.80 3 0
github.com/databricks/databricks-sql-go/connection.go:105.80,110.45 1 0
github.com/databricks/databricks-sql-go/connection.go:126.4,127.18 2 0
github.com/databricks/databricks-sql-go/connection.go:110.45,114.25 2 0
github.com/databricks/databricks-sql-go/connection.go:114.25,117.7 1 0
github.com/databricks/databricks-sql-go/connection.go:119.37,124.6 2 0
github.com/databricks/databricks-sql-go/connection.go:127.18,129.5 1 0
github.com/databricks/databricks-sql-go/connection.go:131.9,133.37 1 0
github.com/databricks/databricks-sql-go/connection.go:136.8,138.33 1 0
github.com/databricks/databricks-sql-go/driver.go:9.13,11.2 1 1
github.com/databricks/databricks-sql-go/driver.go:20.66,22.16 2 0
github.com/databricks/databricks-sql-go/driver.go:25.2,28.40 2 0
github.com/databricks/databricks-sql-go/driver.go:22.16,24.3 1 0
github.com/databricks/databricks-sql-go/driver.go:31.80,34.2 2 0
github.com/databricks/databricks-sql-go/driver.go:41.68,45.30 2 0
github.com/databricks/databricks-sql-go/driver.go:50.2,50.29 1 0
github.com/databricks/databricks-sql-go/driver.go:45.30,47.3 1 0
github.com/databricks/databricks-sql-go/driver.go:53.49,54.25 1 0
github.com/databricks/databricks-sql-go/driver.go:54.25,56.3 1 0
github.com/databricks/databricks-sql-go/driver.go:59.36,60.25 1 0
github.com/databricks/databricks-sql-go/driver.go:60.25,62.3 1 0
github.com/databricks/databricks-sql-go/driver.go:65.47,66.25 1 0
github.com/databricks/databricks-sql-go/driver.go:66.25,68.3 1 0
github.com/databricks/databricks-sql-go/driver.go:71.43,72.25 1 0
github.com/databricks/databricks-sql-go/driver.go:72.25,74.3 1 0
github.com/databricks/databricks-sql-go/driver.go:77.36,78.25 1 0
github.com/databricks/databricks-sql-go/driver.go:78.25,80.3 1 0
github.com/databricks/databricks-sql-go/driver.go:85.36,86.25 1 0
github.com/databricks/databricks-sql-go/driver.go:86.25,88.3 1 0
github.com/databricks/databricks-sql-go/result.go:12.55,14.2 1 0
github.com/databricks/databricks-sql-go/result.go:16.55,18.2 1 0
github.com/databricks/databricks-sql-go/statement.go:11.35,13.2 1 0
github.com/databricks/databricks-sql-go/statement.go:15.36,17.2 1 0
github.com/databricks/databricks-sql-go/statement.go:20.70,22.2 1 0
github.com/databricks/databricks-sql-go/statement.go:25.69,27.2 1 0
github.com/databricks/databricks-sql-go/statement.go:33.103,35.2 1 0
github.com/databricks/databricks-sql-go/statement.go:41.102,43.2 1 0
github.com/databricks/databricks-sql-go/config.go:39.38,51.2 1 0
github.com/databricks/databricks-sql-go/config.go:53.44,55.16 2 1
github.com/databricks/databricks-sql-go/config.go:58.2,63.31 3 1
github.com/databricks/databricks-sql-go/config.go:55.16,57.3 1 0
github.com/databricks/databricks-sql-go/config.go:66.41,69.2 2 0
github.com/databricks/databricks-sql-go/config.go:71.37,72.14 1 0
github.com/databricks/databricks-sql-go/config.go:76.2,97.3 1 0
github.com/databricks/databricks-sql-go/config.go:72.14,74.3 1 0
github.com/databricks/databricks-sql-go/connector.go:21.71,24.16 2 0
github.com/databricks/databricks-sql-go/connector.go:28.2,34.16 3 0
github.com/databricks/databricks-sql-go/connector.go:38.2,45.18 4 0
github.com/databricks/databricks-sql-go/connector.go:24.16,26.3 1 0
github.com/databricks/databricks-sql-go/connector.go:34.16,36.3 1 0
github.com/databricks/databricks-sql-go/connector.go:48.44,50.2 1 0
github.com/databricks/databricks-sql-go/connector.go:52.41,54.27 2 0
github.com/databricks/databricks-sql-go/connector.go:60.2,60.20 1 0
github.com/databricks/databricks-sql-go/connector.go:54.27,56.3 1 0
github.com/databricks/databricks-sql-go/connector.go:56.8,59.3 1 0
github.com/databricks/databricks-sql-go/connector.go:63.76,70.29 4 0
github.com/databricks/databricks-sql-go/connector.go:84.2,84.36 1 0
github.com/databricks/databricks-sql-go/connector.go:88.2,91.30 3 0
github.com/databricks/databricks-sql-go/connector.go:121.2,121.16 1 0
github.com/databricks/databricks-sql-go/connector.go:124.2,124.37 1 0
github.com/databricks/databricks-sql-go/connector.go:127.2,131.21 4 0
github.com/databricks/databricks-sql-go/connector.go:71.17,72.64 1 0
github.com/databricks/databricks-sql-go/connector.go:73.20,74.67 1 0
github.com/databricks/databricks-sql-go/connector.go:75.14,76.53 1 0
github.com/databricks/databricks-sql-go/connector.go:77.16,78.63 1 0
github.com/databricks/databricks-sql-go/connector.go:79.16,80.63 1 0
github.com/databricks/databricks-sql-go/connector.go:81.10,82.79 1 0
github.com/databricks/databricks-sql-go/connector.go:84.36,86.3 1 0
github.com/databricks/databricks-sql-go/connector.go:92.14,103.9 6 0
github.com/databricks/databricks-sql-go/connector.go:112.16,113.56 1 0
github.com/databricks/databricks-sql-go/connector.go:114.18,115.54 1 0
github.com/databricks/databricks-sql-go/connector.go:116.14,117.71 1 0
github.com/databricks/databricks-sql-go/connector.go:118.10,119.83 1 0
github.com/databricks/databricks-sql-go/connector.go:103.9,105.32 2 0
github.com/databricks/databricks-sql-go/connector.go:110.4,110.52 1 0
github.com/databricks/databricks-sql-go/connector.go:105.32,107.5 1 0
github.com/databricks/databricks-sql-go/connector.go:107.10,109.5 1 0
github.com/databricks/databricks-sql-go/connector.go:121.16,123.3 1 0
github.com/databricks/databricks-sql-go/connector.go:124.37,126.3 1 0
github.com/databricks/databricks-sql-go/internal/sentinel/sentinel.go:26.38,27.11 1 0
github.com/databricks/databricks-sql-go/internal/sentinel/sentinel.go:39.2,39.18 1 0
github.com/databricks/databricks-sql-go/internal/sentinel/sentinel.go:28.20,29.19 1 0
github.com/databricks/databricks-sql-go/internal/sentinel/sentinel.go:30.16,31.17 1 0
github.com/databricks/databricks-sql-go/internal/sentinel/sentinel.go:32.22,33.21 1 0
github.com/databricks/databricks-sql-go/internal/sentinel/sentinel.go:34.21,35.20 1 0
github.com/databricks/databricks-sql-go/internal/sentinel/sentinel.go:36.20,37.19 1 0
github.com/databricks/databricks-sql-go/internal/sentinel/sentinel.go:53.105,54.23 1 9
github.com/databricks/databricks-sql-go/internal/sentinel/sentinel.go:57.2,57.18 1 9
github.com/databricks/databricks-sql-go/internal/sentinel/sentinel.go:60.2,60.19 1 9
github.com/databricks/databricks-sql-go/internal/sentinel/sentinel.go:64.2,65.18 2 9
github.com/databricks/databricks-sql-go/internal/sentinel/sentinel.go:71.2,76.22 5 9
github.com/databricks/databricks-sql-go/internal/sentinel/sentinel.go:85.2,85.6 1 9
github.com/databricks/databricks-sql-go/internal/sentinel/sentinel.go:54.23,55.37 1 1
github.com/databricks/databricks-sql-go/internal/sentinel/sentinel.go:55.37,55.58 1 1
github.com/databricks/databricks-sql-go/internal/sentinel/sentinel.go:55.58,55.73 1 1
github.com/databricks/databricks-sql-go/internal/sentinel/sentinel.go:57.18,59.3 1 4
github.com/databricks/databricks-sql-go/internal/sentinel/sentinel.go:60.19,62.3 1 5
github.com/databricks/databricks-sql-go/internal/sentinel/sentinel.go:65.18,69.3 3 5
github.com/databricks/databricks-sql-go/internal/sentinel/sentinel.go:76.22,78.17 2 2
github.com/databricks/databricks-sql-go/internal/sentinel/sentinel.go:78.17,80.4 1 0
github.com/databricks/databricks-sql-go/internal/sentinel/sentinel.go:80.9,82.4 1 2
github.com/databricks/databricks-sql-go/internal/sentinel/sentinel.go:85.6,86.10 1 26
github.com/databricks/databricks-sql-go/internal/sentinel/sentinel.go:87.26,90.18 3 19
github.com/databricks/databricks-sql-go/internal/sentinel/sentinel.go:94.4,95.14 2 19
github.com/databricks/databricks-sql-go/internal/sentinel/sentinel.go:103.23,104.29 1 0
github.com/databricks/databricks-sql-go/internal/sentinel/sentinel.go:105.23,106.33 1 2
github.com/databricks/databricks-sql-go/internal/sentinel/sentinel.go:107.21,109.27 2 4
github.com/databricks/databricks-sql-go/internal/sentinel/sentinel.go:116.4,116.40 1 3
github.com/databricks/databricks-sql-go/internal/sentinel/sentinel.go:117.25,120.62 3 1
github.com/databricks/databricks-sql-go/internal/sentinel/sentinel.go:90.18,92.5 1 0
github.com/databricks/databricks-sql-go/internal/sentinel/sentinel.go:95.14,97.26 2 4
github.com/databricks/databricks-sql-go/internal/sentinel/sentinel.go:97.26,99.6 1 2
github.com/databricks/databricks-sql-go/internal/sentinel/sentinel.go:99.11,101.6 1 2
github.com/databricks/databricks-sql-go/internal/sentinel/sentinel.go:109.27,111.19 2 1
github.com/databricks/databricks-sql-go/internal/sentinel/sentinel.go:114.5,114.35 1 1
github.com/databricks/databricks-sql-go/internal/sentinel/sentinel.go:111.19,113.6 1 1
